<?xml version="1.0" encoding="UTF-8"?>
<testsuite name="de.mwa.pianolearner.HelloControllerIT" tests="1" skipped="0" failures="1" errors="0" timestamp="2021-08-30T17:02:47" hostname="localhost.localdomain" time="0.495">
  <properties/>
  <testcase name="getHello()" classname="de.mwa.pianolearner.HelloControllerIT" time="0.495">
    <failure message="org.opentest4j.AssertionFailedError: &#10;expected: &quot;Greetings from Spring Boot!&quot;&#10;but was : &quot;&lt;!DOCTYPE html&gt;&#10;&lt;html lang=&quot;en&quot;&gt;&#10;  &lt;head&gt;&#10;    &lt;meta charset=&quot;utf-8&quot;&gt;&#10;    &lt;meta name=&quot;viewport&quot; content=&quot;width=device-width, initial-scale=1, shrink-to-fit=no&quot;&gt;&#10;    &lt;meta name=&quot;description&quot; content=&quot;&quot;&gt;&#10;    &lt;meta name=&quot;author&quot; content=&quot;&quot;&gt;&#10;    &lt;title&gt;Please sign in&lt;/title&gt;&#10;    &lt;link href=&quot;https://maxcdn.bootstrapcdn.com/bootstrap/4.0.0-beta/css/bootstrap.min.css&quot; rel=&quot;stylesheet&quot; integrity=&quot;sha384-/Y6pD6FV/Vv2HJnA6t+vslU6fwYXjCFtcEpHbNJ0lyAFsXTsjBbfaDjzALeQsN6M&quot; crossorigin=&quot;anonymous&quot;&gt;&#10;    &lt;link href=&quot;https://getbootstrap.com/docs/4.0/examples/signin/signin.css&quot; rel=&quot;stylesheet&quot; crossorigin=&quot;anonymous&quot;/&gt;&#10;  &lt;/head&gt;&#10;  &lt;body&gt;&#10;     &lt;div class=&quot;container&quot;&gt;&#10;      &lt;form class=&quot;form-signin&quot; method=&quot;post&quot; action=&quot;/login&quot;&gt;&#10;        &lt;h2 class=&quot;form-signin-heading&quot;&gt;Please sign in&lt;/h2&gt;&#10;        &lt;p&gt;&#10;          &lt;label for=&quot;username&quot; class=&quot;sr-only&quot;&gt;Username&lt;/label&gt;&#10;          &lt;input type=&quot;text&quot; id=&quot;username&quot; name=&quot;username&quot; class=&quot;form-control&quot; placeholder=&quot;Username&quot; required autofocus&gt;&#10;        &lt;/p&gt;&#10;        &lt;p&gt;&#10;          &lt;label for=&quot;password&quot; class=&quot;sr-only&quot;&gt;Password&lt;/label&gt;&#10;          &lt;input type=&quot;password&quot; id=&quot;password&quot; name=&quot;password&quot; class=&quot;form-control&quot; placeholder=&quot;Password&quot; required&gt;&#10;        &lt;/p&gt;&#10;&lt;input name=&quot;_csrf&quot; type=&quot;hidden&quot; value=&quot;680c8296-3e82-43d1-98bb-2f175f20f6de&quot; /&gt;&#10;        &lt;button class=&quot;btn btn-lg btn-primary btn-block&quot; type=&quot;submit&quot;&gt;Sign in&lt;/button&gt;&#10;      &lt;/form&gt;&#10;&lt;/div&gt;&#10;&lt;/body&gt;&lt;/html&gt;&quot;" type="org.opentest4j.AssertionFailedError">org.opentest4j.AssertionFailedError: 
expected: &quot;Greetings from Spring Boot!&quot;
but was : &quot;&lt;!DOCTYPE html&gt;
&lt;html lang=&quot;en&quot;&gt;
  &lt;head&gt;
    &lt;meta charset=&quot;utf-8&quot;&gt;
    &lt;meta name=&quot;viewport&quot; content=&quot;width=device-width, initial-scale=1, shrink-to-fit=no&quot;&gt;
    &lt;meta name=&quot;description&quot; content=&quot;&quot;&gt;
    &lt;meta name=&quot;author&quot; content=&quot;&quot;&gt;
    &lt;title&gt;Please sign in&lt;/title&gt;
    &lt;link href=&quot;https://maxcdn.bootstrapcdn.com/bootstrap/4.0.0-beta/css/bootstrap.min.css&quot; rel=&quot;stylesheet&quot; integrity=&quot;sha384-/Y6pD6FV/Vv2HJnA6t+vslU6fwYXjCFtcEpHbNJ0lyAFsXTsjBbfaDjzALeQsN6M&quot; crossorigin=&quot;anonymous&quot;&gt;
    &lt;link href=&quot;https://getbootstrap.com/docs/4.0/examples/signin/signin.css&quot; rel=&quot;stylesheet&quot; crossorigin=&quot;anonymous&quot;/&gt;
  &lt;/head&gt;
  &lt;body&gt;
     &lt;div class=&quot;container&quot;&gt;
      &lt;form class=&quot;form-signin&quot; method=&quot;post&quot; action=&quot;/login&quot;&gt;
        &lt;h2 class=&quot;form-signin-heading&quot;&gt;Please sign in&lt;/h2&gt;
        &lt;p&gt;
          &lt;label for=&quot;username&quot; class=&quot;sr-only&quot;&gt;Username&lt;/label&gt;
          &lt;input type=&quot;text&quot; id=&quot;username&quot; name=&quot;username&quot; class=&quot;form-control&quot; placeholder=&quot;Username&quot; required autofocus&gt;
        &lt;/p&gt;
        &lt;p&gt;
          &lt;label for=&quot;password&quot; class=&quot;sr-only&quot;&gt;Password&lt;/label&gt;
          &lt;input type=&quot;password&quot; id=&quot;password&quot; name=&quot;password&quot; class=&quot;form-control&quot; placeholder=&quot;Password&quot; required&gt;
        &lt;/p&gt;
&lt;input name=&quot;_csrf&quot; type=&quot;hidden&quot; value=&quot;680c8296-3e82-43d1-98bb-2f175f20f6de&quot; /&gt;
        &lt;button class=&quot;btn btn-lg btn-primary btn-block&quot; type=&quot;submit&quot;&gt;Sign in&lt;/button&gt;
      &lt;/form&gt;
&lt;/div&gt;
&lt;/body&gt;&lt;/html&gt;&quot;
	at java.base/jdk.internal.reflect.NativeConstructorAccessorImpl.newInstance0(Native Method)
	at java.base/jdk.internal.reflect.NativeConstructorAccessorImpl.newInstance(NativeConstructorAccessorImpl.java:78)
	at java.base/jdk.internal.reflect.DelegatingConstructorAccessorImpl.newInstance(DelegatingConstructorAccessorImpl.java:45)
	at java.base/java.lang.reflect.Constructor.newInstanceWithCaller(Constructor.java:499)
	at de.mwa.pianolearner.HelloControllerIT.getHello(HelloControllerIT.java:20)
	at java.base/jdk.internal.reflect.NativeMethodAccessorImpl.invoke0(Native Method)
	at java.base/jdk.internal.reflect.NativeMethodAccessorImpl.invoke(NativeMethodAccessorImpl.java:78)
	at java.base/jdk.internal.reflect.DelegatingMethodAccessorImpl.invoke(DelegatingMethodAccessorImpl.java:43)
	at java.base/java.lang.reflect.Method.invoke(Method.java:567)
	at org.junit.platform.commons.util.ReflectionUtils.invokeMethod(ReflectionUtils.java:688)
	at org.junit.jupiter.engine.execution.MethodInvocation.proceed(MethodInvocation.java:60)
	at org.junit.jupiter.engine.execution.InvocationInterceptorChain$ValidatingInvocation.proceed(InvocationInterceptorChain.java:131)
	at org.junit.jupiter.engine.extension.TimeoutExtension.intercept(TimeoutExtension.java:149)
	at org.junit.jupiter.engine.extension.TimeoutExtension.interceptTestableMethod(TimeoutExtension.java:140)
	at org.junit.jupiter.engine.extension.TimeoutExtension.interceptTestMethod(TimeoutExtension.java:84)
	at org.junit.jupiter.engine.execution.ExecutableInvoker$ReflectiveInterceptorCall.lambda$ofVoidMethod$0(ExecutableInvoker.java:115)
	at org.junit.jupiter.engine.execution.ExecutableInvoker.lambda$invoke$0(ExecutableInvoker.java:105)
	at org.junit.jupiter.engine.execution.InvocationInterceptorChain$InterceptedInvocation.proceed(InvocationInterceptorChain.java:106)
	at org.junit.jupiter.engine.execution.InvocationInterceptorChain.proceed(InvocationInterceptorChain.java:64)
	at org.junit.jupiter.engine.execution.InvocationInterceptorChain.chainAndInvoke(InvocationInterceptorChain.java:45)
	at org.junit.jupiter.engine.execution.InvocationInterceptorChain.invoke(InvocationInterceptorChain.java:37)
	at org.junit.jupiter.engine.execution.ExecutableInvoker.invoke(ExecutableInvoker.java:104)
	at org.junit.jupiter.engine.execution.ExecutableInvoker.invoke(ExecutableInvoker.java:98)
	at org.junit.jupiter.engine.descriptor.TestMethodTestDescriptor.lambda$invokeTestMethod$6(TestMethodTestDescriptor.java:210)
	at org.junit.platform.engine.support.hierarchical.ThrowableCollector.execute(ThrowableCollector.java:73)
	at org.junit.jupiter.engine.descriptor.TestMethodTestDescriptor.invokeTestMethod(TestMethodTestDescriptor.java:206)
	at org.junit.jupiter.engine.descriptor.TestMethodTestDescriptor.execute(TestMethodTestDescriptor.java:131)
	at org.junit.jupiter.engine.descriptor.TestMethodTestDescriptor.execute(TestMethodTestDescriptor.java:65)
	at org.junit.platform.engine.support.hierarchical.NodeTestTask.lambda$executeRecursively$5(NodeTestTask.java:139)
	at org.junit.platform.engine.support.hierarchical.ThrowableCollector.execute(ThrowableCollector.java:73)
	at org.junit.platform.engine.support.hierarchical.NodeTestTask.lambda$executeRecursively$7(NodeTestTask.java:129)
	at org.junit.platform.engine.support.hierarchical.Node.around(Node.java:137)
	at org.junit.platform.engine.support.hierarchical.NodeTestTask.lambda$executeRecursively$8(NodeTestTask.java:127)
	at org.junit.platform.engine.support.hierarchical.ThrowableCollector.execute(ThrowableCollector.java:73)
	at org.junit.platform.engine.support.hierarchical.NodeTestTask.executeRecursively(NodeTestTask.java:126)
	at org.junit.platform.engine.support.hierarchical.NodeTestTask.execute(NodeTestTask.java:84)
	at java.base/java.util.ArrayList.forEach(ArrayList.java:1511)
	at org.junit.platform.engine.support.hierarchical.SameThreadHierarchicalTestExecutorService.invokeAll(SameThreadHierarchicalTestExecutorService.java:38)
	at org.junit.platform.engine.support.hierarchical.NodeTestTask.lambda$executeRecursively$5(NodeTestTask.java:143)
	at org.junit.platform.engine.support.hierarchical.ThrowableCollector.execute(ThrowableCollector.java:73)
	at org.junit.platform.engine.support.hierarchical.NodeTestTask.lambda$executeRecursively$7(NodeTestTask.java:129)
	at org.junit.platform.engine.support.hierarchical.Node.around(Node.java:137)
	at org.junit.platform.engine.support.hierarchical.NodeTestTask.lambda$executeRecursively$8(NodeTestTask.java:127)
	at org.junit.platform.engine.support.hierarchical.ThrowableCollector.execute(ThrowableCollector.java:73)
	at org.junit.platform.engine.support.hierarchical.NodeTestTask.executeRecursively(NodeTestTask.java:126)
	at org.junit.platform.engine.support.hierarchical.NodeTestTask.execute(NodeTestTask.java:84)
	at java.base/java.util.ArrayList.forEach(ArrayList.java:1511)
	at org.junit.platform.engine.support.hierarchical.SameThreadHierarchicalTestExecutorService.invokeAll(SameThreadHierarchicalTestExecutorService.java:38)
	at org.junit.platform.engine.support.hierarchical.NodeTestTask.lambda$executeRecursively$5(NodeTestTask.java:143)
	at org.junit.platform.engine.support.hierarchical.ThrowableCollector.execute(ThrowableCollector.java:73)
	at org.junit.platform.engine.support.hierarchical.NodeTestTask.lambda$executeRecursively$7(NodeTestTask.java:129)
	at org.junit.platform.engine.support.hierarchical.Node.around(Node.java:137)
	at org.junit.platform.engine.support.hierarchical.NodeTestTask.lambda$executeRecursively$8(NodeTestTask.java:127)
	at org.junit.platform.engine.support.hierarchical.ThrowableCollector.execute(ThrowableCollector.java:73)
	at org.junit.platform.engine.support.hierarchical.NodeTestTask.executeRecursively(NodeTestTask.java:126)
	at org.junit.platform.engine.support.hierarchical.NodeTestTask.execute(NodeTestTask.java:84)
	at org.junit.platform.engine.support.hierarchical.SameThreadHierarchicalTestExecutorService.submit(SameThreadHierarchicalTestExecutorService.java:32)
	at org.junit.platform.engine.support.hierarchical.HierarchicalTestExecutor.execute(HierarchicalTestExecutor.java:57)
	at org.junit.platform.engine.support.hierarchical.HierarchicalTestEngine.execute(HierarchicalTestEngine.java:51)
	at org.junit.platform.launcher.core.EngineExecutionOrchestrator.execute(EngineExecutionOrchestrator.java:108)
	at org.junit.platform.launcher.core.EngineExecutionOrchestrator.execute(EngineExecutionOrchestrator.java:88)
	at org.junit.platform.launcher.core.EngineExecutionOrchestrator.lambda$execute$0(EngineExecutionOrchestrator.java:54)
	at org.junit.platform.launcher.core.EngineExecutionOrchestrator.withInterceptedStreams(EngineExecutionOrchestrator.java:67)
	at org.junit.platform.launcher.core.EngineExecutionOrchestrator.execute(EngineExecutionOrchestrator.java:52)
	at org.junit.platform.launcher.core.DefaultLauncher.execute(DefaultLauncher.java:96)
	at org.junit.platform.launcher.core.DefaultLauncher.execute(DefaultLauncher.java:75)
	at org.gradle.api.internal.tasks.testing.junitplatform.JUnitPlatformTestClassProcessor$CollectAllTestClassesExecutor.processAllTestClasses(JUnitPlatformTestClassProcessor.java:99)
	at org.gradle.api.internal.tasks.testing.junitplatform.JUnitPlatformTestClassProcessor$CollectAllTestClassesExecutor.access$000(JUnitPlatformTestClassProcessor.java:79)
	at org.gradle.api.internal.tasks.testing.junitplatform.JUnitPlatformTestClassProcessor.stop(JUnitPlatformTestClassProcessor.java:75)
	at org.gradle.api.internal.tasks.testing.SuiteTestClassProcessor.stop(SuiteTestClassProcessor.java:61)
	at java.base/jdk.internal.reflect.NativeMethodAccessorImpl.invoke0(Native Method)
	at java.base/jdk.internal.reflect.NativeMethodAccessorImpl.invoke(NativeMethodAccessorImpl.java:78)
	at java.base/jdk.internal.reflect.DelegatingMethodAccessorImpl.invoke(DelegatingMethodAccessorImpl.java:43)
	at java.base/java.lang.reflect.Method.invoke(Method.java:567)
	at org.gradle.internal.dispatch.ReflectionDispatch.dispatch(ReflectionDispatch.java:36)
	at org.gradle.internal.dispatch.ReflectionDispatch.dispatch(ReflectionDispatch.java:24)
	at org.gradle.internal.dispatch.ContextClassLoaderDispatch.dispatch(ContextClassLoaderDispatch.java:33)
	at org.gradle.internal.dispatch.ProxyDispatchAdapter$DispatchingInvocationHandler.invoke(ProxyDispatchAdapter.java:94)
	at jdk.proxy1/jdk.proxy1.$Proxy2.stop(Unknown Source)
	at org.gradle.api.internal.tasks.testing.worker.TestWorker.stop(TestWorker.java:135)
	at java.base/jdk.internal.reflect.NativeMethodAccessorImpl.invoke0(Native Method)
	at java.base/jdk.internal.reflect.NativeMethodAccessorImpl.invoke(NativeMethodAccessorImpl.java:78)
	at java.base/jdk.internal.reflect.DelegatingMethodAccessorImpl.invoke(DelegatingMethodAccessorImpl.java:43)
	at java.base/java.lang.reflect.Method.invoke(Method.java:567)
	at org.gradle.internal.dispatch.ReflectionDispatch.dispatch(ReflectionDispatch.java:36)
	at org.gradle.internal.dispatch.ReflectionDispatch.dispatch(ReflectionDispatch.java:24)
	at org.gradle.internal.remote.internal.hub.MessageHubBackedObjectConnection$DispatchWrapper.dispatch(MessageHubBackedObjectConnection.java:182)
	at org.gradle.internal.remote.internal.hub.MessageHubBackedObjectConnection$DispatchWrapper.dispatch(MessageHubBackedObjectConnection.java:164)
	at org.gradle.internal.remote.internal.hub.MessageHub$Handler.run(MessageHub.java:414)
	at org.gradle.internal.concurrent.ExecutorPolicy$CatchAndRecordFailures.onExecute(ExecutorPolicy.java:64)
	at org.gradle.internal.concurrent.ManagedExecutorImpl$1.run(ManagedExecutorImpl.java:48)
	at java.base/java.util.concurrent.ThreadPoolExecutor.runWorker(ThreadPoolExecutor.java:1130)
	at java.base/java.util.concurrent.ThreadPoolExecutor$Worker.run(ThreadPoolExecutor.java:630)
	at org.gradle.internal.concurrent.ThreadFactoryImpl$ManagedThreadRunnable.run(ThreadFactoryImpl.java:56)
	at java.base/java.lang.Thread.run(Thread.java:831)
</failure>
  </testcase>
  <system-out><![CDATA[19:02:44.279 [Test worker] DEBUG org.springframework.test.context.BootstrapUtils - Instantiating CacheAwareContextLoaderDelegate from class [org.springframework.test.context.cache.DefaultCacheAwareContextLoaderDelegate]
19:02:44.287 [Test worker] DEBUG org.springframework.test.context.BootstrapUtils - Instantiating BootstrapContext using constructor [public org.springframework.test.context.support.DefaultBootstrapContext(java.lang.Class,org.springframework.test.context.CacheAwareContextLoaderDelegate)]
19:02:44.314 [Test worker] DEBUG org.springframework.test.context.BootstrapUtils - Instantiating TestContextBootstrapper for test class [de.mwa.pianolearner.HelloControllerIT] from class [org.springframework.boot.test.context.SpringBootTestContextBootstrapper]
19:02:44.322 [Test worker] INFO org.springframework.boot.test.context.SpringBootTestContextBootstrapper - Neither @ContextConfiguration nor @ContextHierarchy found for test class [de.mwa.pianolearner.HelloControllerIT], using SpringBootContextLoader
19:02:44.325 [Test worker] DEBUG org.springframework.test.context.support.AbstractContextLoader - Did not detect default resource location for test class [de.mwa.pianolearner.HelloControllerIT]: class path resource [de/mwa/pianolearner/HelloControllerIT-context.xml] does not exist
19:02:44.326 [Test worker] DEBUG org.springframework.test.context.support.AbstractContextLoader - Did not detect default resource location for test class [de.mwa.pianolearner.HelloControllerIT]: class path resource [de/mwa/pianolearner/HelloControllerITContext.groovy] does not exist
19:02:44.326 [Test worker] INFO org.springframework.test.context.support.AbstractContextLoader - Could not detect default resource locations for test class [de.mwa.pianolearner.HelloControllerIT]: no resource found for suffixes {-context.xml, Context.groovy}.
19:02:44.327 [Test worker] INFO org.springframework.test.context.support.AnnotationConfigContextLoaderUtils - Could not detect default configuration classes for test class [de.mwa.pianolearner.HelloControllerIT]: HelloControllerIT does not declare any static, non-private, non-final, nested classes annotated with @Configuration.
19:02:44.358 [Test worker] DEBUG org.springframework.test.context.support.ActiveProfilesUtils - Could not find an 'annotation declaring class' for annotation type [org.springframework.test.context.ActiveProfiles] and class [de.mwa.pianolearner.HelloControllerIT]
19:02:44.416 [Test worker] DEBUG org.springframework.context.annotation.ClassPathScanningCandidateComponentProvider - Identified candidate component class: file [/home/micha/dev/piano-learner/build/classes/java/main/de/mwa/pianolearner/PianoLearnerApplication.class]
19:02:44.417 [Test worker] INFO org.springframework.boot.test.context.SpringBootTestContextBootstrapper - Found @SpringBootConfiguration de.mwa.pianolearner.PianoLearnerApplication for test class de.mwa.pianolearner.HelloControllerIT
19:02:44.486 [Test worker] DEBUG org.springframework.boot.test.context.SpringBootTestContextBootstrapper - @TestExecutionListeners is not present for class [de.mwa.pianolearner.HelloControllerIT]: using defaults.
19:02:44.487 [Test worker] INFO org.springframework.boot.test.context.SpringBootTestContextBootstrapper - Loaded default TestExecutionListener class names from location [META-INF/spring.factories]: [org.springframework.security.test.context.support.WithSecurityContextTestExecutionListener, org.springframework.security.test.context.support.ReactorContextTestExecutionListener, org.springframework.boot.test.autoconfigure.restdocs.RestDocsTestExecutionListener, org.springframework.boot.test.autoconfigure.web.client.MockRestServiceServerResetTestExecutionListener, org.springframework.boot.test.autoconfigure.web.servlet.MockMvcPrintOnlyOnFailureTestExecutionListener, org.springframework.boot.test.autoconfigure.web.servlet.WebDriverTestExecutionListener, org.springframework.boot.test.autoconfigure.webservices.client.MockWebServiceServerTestExecutionListener, org.springframework.boot.test.mock.mockito.MockitoTestExecutionListener, org.springframework.boot.test.mock.mockito.ResetMocksTestExecutionListener, org.springframework.test.context.web.ServletTestExecutionListener, org.springframework.test.context.support.DirtiesContextBeforeModesTestExecutionListener, org.springframework.test.context.event.ApplicationEventsTestExecutionListener, org.springframework.test.context.support.DependencyInjectionTestExecutionListener, org.springframework.test.context.support.DirtiesContextTestExecutionListener, org.springframework.test.context.transaction.TransactionalTestExecutionListener, org.springframework.test.context.jdbc.SqlScriptsTestExecutionListener, org.springframework.test.context.event.EventPublishingTestExecutionListener]
19:02:44.497 [Test worker] DEBUG org.springframework.boot.test.context.SpringBootTestContextBootstrapper - Skipping candidate TestExecutionListener [org.springframework.test.context.transaction.TransactionalTestExecutionListener] due to a missing dependency. Specify custom listener classes or make the default listener classes and their required dependencies available. Offending class: [org/springframework/transaction/interceptor/TransactionAttributeSource]
19:02:44.498 [Test worker] DEBUG org.springframework.boot.test.context.SpringBootTestContextBootstrapper - Skipping candidate TestExecutionListener [org.springframework.test.context.jdbc.SqlScriptsTestExecutionListener] due to a missing dependency. Specify custom listener classes or make the default listener classes and their required dependencies available. Offending class: [org/springframework/transaction/interceptor/TransactionAttribute]
19:02:44.498 [Test worker] INFO org.springframework.boot.test.context.SpringBootTestContextBootstrapper - Using TestExecutionListeners: [org.springframework.test.context.web.ServletTestExecutionListener@7f2eb179, org.springframework.test.context.support.DirtiesContextBeforeModesTestExecutionListener@23612a79, org.springframework.test.context.event.ApplicationEventsTestExecutionListener@6d61ca9f, org.springframework.boot.test.mock.mockito.MockitoTestExecutionListener@4bb4872c, org.springframework.boot.test.autoconfigure.SpringBootDependencyInjectionTestExecutionListener@419b425a, org.springframework.test.context.support.DirtiesContextTestExecutionListener@6b839af2, org.springframework.security.test.context.support.WithSecurityContextTestExecutionListener@855902f, org.springframework.test.context.event.EventPublishingTestExecutionListener@67b7ebee, org.springframework.security.test.context.support.ReactorContextTestExecutionListener@7ca5ecd0, org.springframework.boot.test.autoconfigure.restdocs.RestDocsTestExecutionListener@b86bdbc, org.springframework.boot.test.autoconfigure.web.client.MockRestServiceServerResetTestExecutionListener@2f76800b, org.springframework.boot.test.autoconfigure.web.servlet.MockMvcPrintOnlyOnFailureTestExecutionListener@77c6f690, org.springframework.boot.test.autoconfigure.web.servlet.WebDriverTestExecutionListener@245657d4, org.springframework.boot.test.autoconfigure.webservices.client.MockWebServiceServerTestExecutionListener@1a0365bf, org.springframework.boot.test.mock.mockito.ResetMocksTestExecutionListener@1eec82c]
19:02:44.501 [Test worker] DEBUG org.springframework.test.context.support.AbstractDirtiesContextTestExecutionListener - Before test class: context [DefaultTestContext@3b81a64c testClass = HelloControllerIT, testInstance = [null], testMethod = [null], testException = [null], mergedContextConfiguration = [WebMergedContextConfiguration@82f4570 testClass = HelloControllerIT, locations = '{}', classes = '{class de.mwa.pianolearner.PianoLearnerApplication}', contextInitializerClasses = '[]', activeProfiles = '{}', propertySourceLocations = '{}', propertySourceProperties = '{org.springframework.boot.test.context.SpringBootTestContextBootstrapper=true, server.port=0}', contextCustomizers = set[org.springframework.boot.test.autoconfigure.actuate.metrics.MetricsExportContextCustomizerFactory$DisableMetricExportContextCustomizer@7c7940f1, org.springframework.boot.test.autoconfigure.properties.PropertyMappingContextCustomizer@0, org.springframework.boot.test.autoconfigure.web.servlet.WebDriverContextCustomizerFactory$Customizer@5d396769, org.springframework.boot.test.context.filter.ExcludeFilterContextCustomizer@5833718b, org.springframework.boot.test.json.DuplicateJsonObjectContextCustomizerFactory$DuplicateJsonObjectContextCustomizer@51131307, org.springframework.boot.test.mock.mockito.MockitoContextCustomizer@0, org.springframework.boot.test.web.client.TestRestTemplateContextCustomizer@3588a96c, org.springframework.boot.test.context.SpringBootTestArgs@1, org.springframework.boot.test.context.SpringBootTestWebEnvironment@30cc9cc0], resourceBasePath = 'src/main/webapp', contextLoader = 'org.springframework.boot.test.context.SpringBootContextLoader', parent = [null]], attributes = map['org.springframework.test.context.web.ServletTestExecutionListener.activateListener' -> false]], class annotated with @DirtiesContext [false] with mode [null].
19:02:44.515 [Test worker] DEBUG org.springframework.test.context.support.DependencyInjectionTestExecutionListener - Performing dependency injection for test context [[DefaultTestContext@3b81a64c testClass = HelloControllerIT, testInstance = de.mwa.pianolearner.HelloControllerIT@6aba7933, testMethod = [null], testException = [null], mergedContextConfiguration = [WebMergedContextConfiguration@82f4570 testClass = HelloControllerIT, locations = '{}', classes = '{class de.mwa.pianolearner.PianoLearnerApplication}', contextInitializerClasses = '[]', activeProfiles = '{}', propertySourceLocations = '{}', propertySourceProperties = '{org.springframework.boot.test.context.SpringBootTestContextBootstrapper=true, server.port=0}', contextCustomizers = set[org.springframework.boot.test.autoconfigure.actuate.metrics.MetricsExportContextCustomizerFactory$DisableMetricExportContextCustomizer@7c7940f1, org.springframework.boot.test.autoconfigure.properties.PropertyMappingContextCustomizer@0, org.springframework.boot.test.autoconfigure.web.servlet.WebDriverContextCustomizerFactory$Customizer@5d396769, org.springframework.boot.test.context.filter.ExcludeFilterContextCustomizer@5833718b, org.springframework.boot.test.json.DuplicateJsonObjectContextCustomizerFactory$DuplicateJsonObjectContextCustomizer@51131307, org.springframework.boot.test.mock.mockito.MockitoContextCustomizer@0, org.springframework.boot.test.web.client.TestRestTemplateContextCustomizer@3588a96c, org.springframework.boot.test.context.SpringBootTestArgs@1, org.springframework.boot.test.context.SpringBootTestWebEnvironment@30cc9cc0], resourceBasePath = 'src/main/webapp', contextLoader = 'org.springframework.boot.test.context.SpringBootContextLoader', parent = [null]], attributes = map['org.springframework.test.context.web.ServletTestExecutionListener.activateListener' -> false, 'org.springframework.test.context.event.ApplicationEventsTestExecutionListener.recordApplicationEvents' -> false]]].
19:02:44.533 [Test worker] DEBUG org.springframework.test.context.support.TestPropertySourceUtils - Adding inlined properties to environment: {spring.jmx.enabled=false, org.springframework.boot.test.context.SpringBootTestContextBootstrapper=true, server.port=0}

  .   ____          _            __ _ _
 /\\ / ___'_ __ _ _(_)_ __  __ _ \ \ \ \
( ( )\___ | '_ | '_| | '_ \/ _` | \ \ \ \
 \\/  ___)| |_)| | | | | || (_| |  ) ) ) )
  '  |____| .__|_| |_|_| |_\__, | / / / /
 =========|_|==============|___/=/_/_/_/
 :: Spring Boot ::                (v2.5.4)

2021-08-30 19:02:44.803  INFO 12695 --- [    Test worker] de.mwa.pianolearner.HelloControllerIT    : Starting HelloControllerIT using Java 16.0.2 on localhost.localdomain with PID 12695 (started by micha in /home/micha/dev/piano-learner)
2021-08-30 19:02:44.807  INFO 12695 --- [    Test worker] de.mwa.pianolearner.HelloControllerIT    : No active profile set, falling back to default profiles: default
2021-08-30 19:02:45.866  INFO 12695 --- [    Test worker] o.s.b.w.embedded.tomcat.TomcatWebServer  : Tomcat initialized with port(s): 0 (http)
2021-08-30 19:02:45.876  INFO 12695 --- [    Test worker] o.apache.catalina.core.StandardService   : Starting service [Tomcat]
2021-08-30 19:02:45.876  INFO 12695 --- [    Test worker] org.apache.catalina.core.StandardEngine  : Starting Servlet engine: [Apache Tomcat/9.0.52]
2021-08-30 19:02:45.949  INFO 12695 --- [    Test worker] o.a.c.c.C.[Tomcat].[localhost].[/]       : Initializing Spring embedded WebApplicationContext
2021-08-30 19:02:45.949  INFO 12695 --- [    Test worker] w.s.c.ServletWebServerApplicationContext : Root WebApplicationContext: initialization completed in 1123 ms
2021-08-30 19:02:46.732  INFO 12695 --- [    Test worker] .s.s.UserDetailsServiceAutoConfiguration : 

Using generated security password: 449ce0f1-8eb3-4d4b-8898-c0a829ecb07c

2021-08-30 19:02:46.910  INFO 12695 --- [    Test worker] o.s.b.a.e.web.EndpointLinksResolver      : Exposing 1 endpoint(s) beneath base path '/actuator'
2021-08-30 19:02:46.942  INFO 12695 --- [    Test worker] o.s.s.web.DefaultSecurityFilterChain     : Will secure any request with [org.springframework.security.web.context.request.async.WebAsyncManagerIntegrationFilter@1d14c179, org.springframework.security.web.context.SecurityContextPersistenceFilter@316abfab, org.springframework.security.web.header.HeaderWriterFilter@6d603dd3, org.springframework.web.filter.CorsFilter@3d02e51f, org.springframework.security.web.csrf.CsrfFilter@3fde806, org.springframework.security.web.authentication.logout.LogoutFilter@65c0a0b6, org.springframework.security.web.authentication.UsernamePasswordAuthenticationFilter@24a7f90e, org.springframework.security.web.authentication.ui.DefaultLoginPageGeneratingFilter@584f8b29, org.springframework.security.web.authentication.ui.DefaultLogoutPageGeneratingFilter@4f43f2be, org.springframework.security.web.authentication.www.BasicAuthenticationFilter@23aa3322, org.springframework.security.web.savedrequest.RequestCacheAwareFilter@78a5afd5, org.springframework.security.web.servletapi.SecurityContextHolderAwareRequestFilter@660d7375, org.springframework.security.web.authentication.AnonymousAuthenticationFilter@54411eb5, org.springframework.security.web.session.SessionManagementFilter@3739f102, org.springframework.security.web.access.ExceptionTranslationFilter@5756d1eb, org.springframework.security.web.access.intercept.FilterSecurityInterceptor@1f6904b4]
2021-08-30 19:02:47.045  INFO 12695 --- [    Test worker] o.s.b.w.embedded.tomcat.TomcatWebServer  : Tomcat started on port(s): 45853 (http) with context path ''
2021-08-30 19:02:47.058  INFO 12695 --- [    Test worker] de.mwa.pianolearner.HelloControllerIT    : Started HelloControllerIT in 2.522 seconds (JVM running for 3.338)
Let's inspect the beans provided by Spring Boot:
2021-08-30 19:02:47.492  INFO 12695 --- [o-auto-1-exec-1] o.a.c.c.C.[Tomcat].[localhost].[/]       : Initializing Spring DispatcherServlet 'dispatcherServlet'
2021-08-30 19:02:47.492  INFO 12695 --- [o-auto-1-exec-1] o.s.web.servlet.DispatcherServlet        : Initializing Servlet 'dispatcherServlet'
2021-08-30 19:02:47.494  INFO 12695 --- [o-auto-1-exec-1] o.s.web.servlet.DispatcherServlet        : Completed initialization in 2 ms
]]></system-out>
  <system-err><![CDATA[]]></system-err>
</testsuite>
